<?xml version="1.0" encoding="UTF-8"?>
<testng-results ignored="0" total="1" passed="1" failed="0" skipped="0">
  <reporter-output>
  </reporter-output>
  <suite started-at="2021-05-02T17:15:56 IST" name="Default suite" finished-at="2021-05-02T17:15:59 IST" duration-ms="3224">
    <groups>
    </groups>
    <test started-at="2021-05-02T17:15:56 IST" name="Default test" finished-at="2021-05-02T17:15:59 IST" duration-ms="3224">
      <class name="RestAssuredPractice.OAuth2_Handle">
        <test-method signature="DemoOAuth2()[pri:0, instance:RestAssuredPractice.OAuth2_Handle@1649b0e6]" started-at="2021-05-02T17:15:56 IST" name="DemoOAuth2" finished-at="2021-05-02T17:15:59 IST" duration-ms="3186" status="PASS">
          <reporter-output>
          </reporter-output>
        </test-method> <!-- DemoOAuth2 -->
      </class> <!-- RestAssuredPractice.OAuth2_Handle -->
    </test> <!-- Default test -->
  </suite> <!-- Default suite -->
</testng-results>
