<?xml version="1.0" encoding="UTF-8"?>
<testng-results ignored="0" total="1" passed="1" failed="0" skipped="0">
  <reporter-output>
  </reporter-output>
  <suite started-at="2021-04-16T16:54:44 IST" name="Default suite" finished-at="2021-04-16T16:54:50 IST" duration-ms="5897">
    <groups>
    </groups>
    <test started-at="2021-04-16T16:54:44 IST" name="Default test" finished-at="2021-04-16T16:54:50 IST" duration-ms="5897">
      <class name="SeleniumWebdriverExample.GoogleChromeTest">
        <test-method signature="GCTest()[pri:0, instance:SeleniumWebdriverExample.GoogleChromeTest@355ce81c]" started-at="2021-04-16T16:54:44 IST" name="GCTest" finished-at="2021-04-16T16:54:50 IST" duration-ms="5820" status="PASS">
          <reporter-output>
          </reporter-output>
        </test-method> <!-- GCTest -->
      </class> <!-- SeleniumWebdriverExample.GoogleChromeTest -->
    </test> <!-- Default test -->
  </suite> <!-- Default suite -->
</testng-results>
